<?xml version="1.0" encoding="UTF-8"?>
<!-- Generated by org.testng.reporters.JUnitReportReporter -->
<testsuite hostname="KGM-LT-314" failures="0" tests="4" name="com.qa.testcases.Safrantest" time="18.311" errors="0" timestamp="2024-12-16T12:51:23 IST" skipped="0">
  <testcase classname="com.qa.testcases.Safrantest" name="loginPageTitleTest" time="2.496"/>
  <system-out/>
  <testcase classname="com.qa.testcases.Safrantest" name="LogoImageTest" time="6.665"/>
  <system-out/>
  <testcase classname="com.qa.testcases.Safrantest" name="loginTest" time="6.029"/>
  <system-out/>
  <testcase classname="com.qa.testcases.Safrantest" name="verifyLoginsucess" time="3.121"/>
  <system-out/>
</testsuite> <!-- com.qa.testcases.Safrantest -->
