<?xml version="1.0" encoding="UTF-8"?>
<!-- Generated by org.testng.reporters.JUnitReportReporter -->
<testsuite hostname="KGM-LT-314" failures="0" tests="1" name="com.qa.testcases.Safrantest" time="4.246" errors="0" timestamp="2024-12-10T10:39:59 IST" skipped="0">
  <testcase classname="com.qa.testcases.Safrantest" name="loginPageTitleTest" time="4.246"/>
  <system-out/>
</testsuite> <!-- com.qa.testcases.Safrantest -->
