<?xml version="1.0" encoding="UTF-8"?>
<!-- Generated by org.testng.reporters.JUnitReportReporter -->
<testsuite hostname="KGM-LT-314" failures="0" tests="4" name="com.qa.testcases.Safrantest" time="15.237" errors="0" timestamp="2024-12-10T10:36:16 IST" skipped="0">
  <testcase classname="com.qa.testcases.Safrantest" name="loginPageTitleTest" time="3.836"/>
  <system-out/>
  <testcase classname="com.qa.testcases.Safrantest" name="LogoImageTest" time="2.532"/>
  <system-out/>
  <testcase classname="com.qa.testcases.Safrantest" name="loginTest" time="2.783"/>
  <system-out/>
  <testcase classname="com.qa.testcases.Safrantest" name="verifyLoginsucess" time="6.086"/>
  <system-out/>
</testsuite> <!-- com.qa.testcases.Safrantest -->
